Build started 2017-03-12 오후 4:25:13.
     1>Project "C:\Users\home\Documents\GitHub\Parkcom\SE_Level3\PostalBookWithArrayLibrary20170305\PostalBookWithArrayLibrary20170305\PostalBookWithArrayLibrary20170305.vcxproj" on node 2 (Build target(s)).
     1>ClCompile:
         C:\Program Files (x86)\Microsoft Visual Studio Community 2013\VC\bin\CL.exe /c /ZI /nologo /W3 /WX- /Od /Oy- /D WIN32 /D _DEBUG /D _CONSOLE /D _LIB /D _UNICODE /D UNICODE /D _CRT_SECURE_NO_WARNINGS /Gm /EHsc /RTC1 /MDd /GS /fp:precise /Zc:wchar_t /Zc:forScope /Fo"Debug\\" /Fd"Debug\vc120.pdb" /Gd /TC /analyze- /errorReport:prompt Array.c PostalBook.c
         PostalBook.c
     1>c:\users\home\documents\github\parkcom\se_level3\postalbookwitharraylibrary20170305\postalbookwitharraylibrary20170305\postalbook.c(67): warning C4047: 'function' : 'Array *' differs in levels of indirection from 'Address **'
     1>c:\users\home\documents\github\parkcom\se_level3\postalbookwitharraylibrary20170305\postalbookwitharraylibrary20170305\postalbook.c(67): warning C4024: 'Create' : different types for formal and actual parameter 1
     1>c:\users\home\documents\github\parkcom\se_level3\postalbookwitharraylibrary20170305\postalbookwitharraylibrary20170305\postalbook.c(118): warning C4047: 'function' : 'Array *' differs in levels of indirection from 'Address **'
     1>c:\users\home\documents\github\parkcom\se_level3\postalbookwitharraylibrary20170305\postalbookwitharraylibrary20170305\postalbook.c(118): warning C4024: 'Store' : different types for formal and actual parameter 1
     1>c:\users\home\documents\github\parkcom\se_level3\postalbookwitharraylibrary20170305\postalbookwitharraylibrary20170305\postalbook.c(121): warning C4047: 'function' : 'Array *' differs in levels of indirection from 'Address **'
     1>c:\users\home\documents\github\parkcom\se_level3\postalbookwitharraylibrary20170305\postalbookwitharraylibrary20170305\postalbook.c(121): warning C4024: 'AppendFromRear' : different types for formal and actual parameter 1
     1>c:\users\home\documents\github\parkcom\se_level3\postalbookwitharraylibrary20170305\postalbookwitharraylibrary20170305\postalbook.c(139): warning C4047: 'function' : 'Array *' differs in levels of indirection from 'Address **'
     1>c:\users\home\documents\github\parkcom\se_level3\postalbookwitharraylibrary20170305\postalbookwitharraylibrary20170305\postalbook.c(139): warning C4024: 'LinearSearchDuplicate' : different types for formal and actual parameter 1
     1>c:\users\home\documents\github\parkcom\se_level3\postalbookwitharraylibrary20170305\postalbookwitharraylibrary20170305\postalbook.c(149): warning C4047: 'function' : 'Array *' differs in levels of indirection from 'Address **'
     1>c:\users\home\documents\github\parkcom\se_level3\postalbookwitharraylibrary20170305\postalbookwitharraylibrary20170305\postalbook.c(149): warning C4024: 'Destroy' : different types for formal and actual parameter 1
     1>c:\users\home\documents\github\parkcom\se_level3\postalbookwitharraylibrary20170305\postalbookwitharraylibrary20170305\postalbook.c(160): warning C4047: 'function' : 'Array *' differs in levels of indirection from 'Address **'
     1>c:\users\home\documents\github\parkcom\se_level3\postalbookwitharraylibrary20170305\postalbookwitharraylibrary20170305\postalbook.c(160): warning C4024: 'GetAt' : different types for formal and actual parameter 1
         Array.c
         Generating Code...
       Link:
         C:\Program Files (x86)\Microsoft Visual Studio Community 2013\VC\bin\link.exe /ERRORREPORT:PROMPT /OUT:"C:\Users\home\Documents\GitHub\Parkcom\SE_Level3\PostalBookWithArrayLibrary20170305\Debug\PostalBookWithArrayLibrary20170305.exe" /INCREMENTAL /NOLOGO kernel32.lib user32.lib gdi32.lib winspool.lib comdlg32.lib advapi32.lib shell32.lib ole32.lib oleaut32.lib uuid.lib odbc32.lib odbccp32.lib /MANIFEST /MANIFESTUAC:"level='asInvoker' uiAccess='false'" /manifest:embed /DEBUG /PDB:"C:\Users\home\Documents\GitHub\Parkcom\SE_Level3\PostalBookWithArrayLibrary20170305\Debug\PostalBookWithArrayLibrary20170305.pdb" /SUBSYSTEM:CONSOLE /TLBID:1 /DYNAMICBASE /NXCOMPAT /IMPLIB:"C:\Users\home\Documents\GitHub\Parkcom\SE_Level3\PostalBookWithArrayLibrary20170305\Debug\PostalBookWithArrayLibrary20170305.lib" /MACHINE:X86 Debug\Array.obj
         Debug\PostalBook.obj
     1>PostalBook.obj : error LNK2005: _main already defined in Array.obj
     1>C:\Users\home\Documents\GitHub\Parkcom\SE_Level3\PostalBookWithArrayLibrary20170305\Debug\PostalBookWithArrayLibrary20170305.exe : fatal error LNK1169: one or more multiply defined symbols found
     1>Done Building Project "C:\Users\home\Documents\GitHub\Parkcom\SE_Level3\PostalBookWithArrayLibrary20170305\PostalBookWithArrayLibrary20170305\PostalBookWithArrayLibrary20170305.vcxproj" (Build target(s)) -- FAILED.

Build FAILED.

Time Elapsed 00:00:02.67
